#
# A fatal error has been detected by the Java Runtime Environment:
#
#  SIGSEGV (0xb) at pc=0x00007fff665cd7d1, pid=22434, tid=4867
#
# JRE version: Java(TM) SE Runtime Environment (8.0_05-b13) (build 1.8.0_05-b13)
# Java VM: Java HotSpot(TM) 64-Bit Server VM (25.5-b02 mixed mode bsd-amd64 compressed oops)
# Problematic frame:
# C  0x00007fff665cd7d1
#
# Failed to write core dump. Core dumps have been disabled. To enable core dumping, try "ulimit -c unlimited" before starting Java again
#
# If you would like to submit a bug report, please visit:
#   http://bugreport.sun.com/bugreport/crash.jsp
# The crash happened outside the Java Virtual Machine in native code.
# See problematic frame for where to report the bug.
#

---------------  T H R E A D  ---------------

Current thread (0x00007fc239014800):  JavaThread "main" [_thread_in_native, id=4867, stack(0x0000000111001000,0x0000000111101000)]

siginfo:si_signo=SIGSEGV: si_errno=0, si_code=1 (SEGV_MAPERR), si_addr=0x00000001aac3c000

Registers:
RAX=0x00000001aac3c000, RBX=0x00000001110fe410, RCX=0x00000001aac3c028, RDX=0x0000000000001000
RSP=0x00000001110fe2f0, RBP=0x00000001110fe300, RSI=0x00000001110fe2d0, RDI=0x0000000000000907
R8 =0x00000001110fe3d0, R9 =0x00000001110fe440, R10=0x0000000000000001, R11=0x0000000000000206
R12=0x00007fff665e3510, R13=0x00000001a36c9620, R14=0x00007fff665d3e80, R15=0x00007fff665e3510
RIP=0x00007fff665cd7d1, EFLAGS=0x0000000000010246, ERR=0x0000000000000006
  TRAPNO=0x000000000000000e

Top of Stack: (sp=0x00000001110fe2f0)
0x00000001110fe2f0:   00007fc238f52ff0 00000001aac3c000
0x00000001110fe300:   00000001110fe400 00007fff665ac607
0x00000001110fe310:   00007fff665ecae8 00007fc238d35220
0x00000001110fe320:   00007fc238f3dae0 e5006033f9f5e377
0x00000001110fe330:   00000001110fe3d0 00000001110fe440
0x00000001110fe340:   00000000665eed20 000000010f036000
0x00000001110fe350:   0000000000000002 00007fff665eee58
0x00000001110fe360:   ff80000000001002 00007fc238f5ffff
0x00000001110fe370:   0000000000000050 0000000000000000
0x00000001110fe380:   000000000000001a 00000001a36c9620
0x00000001110fe390:   000000010f036000 000000000000001b
0x00000001110fe3a0:   00000001110fe3d0 00007fff85704877
0x00000001110fe3b0:   000000010f066000 000000000000001b
0x00000001110fe3c0:   00000001110fe400 00007fff665b9410
0x00000001110fe3d0:   00000001110fe0f0 e5006033f9f5e377
0x00000001110fe3e0:   e5006033f9f5e377 00000001110fe410
0x00000001110fe3f0:   00007fc238f3dae0 00007fc238d35220
0x00000001110fe400:   00000001110fe470 00007fff665b76d1
0x00000001110fe410:   616a5f6176614a5f 465f7477615f6176
0x00000001110fe420:   74696e695f746e6f 00007fff00734449
0x00000001110fe430:   00007fff74467110 0000000000000000
0x00000001110fe440:   00007fc238d35220 e5006033f9f5e377
0x00000001110fe450:   00007fc238d35220 0000000000000000
0x00000001110fe460:   00007fc238f3dae0 00007fc2390149e0
0x00000001110fe470:   00000001110fe4a0 00007fff886bf8f5
0x00000001110fe480:   00000001110fe550 0000000000000000
0x00000001110fe490:   00000001110fe550 00007fc238f3dae0
0x00000001110fe4a0:   00000001110fe4d0 0000000111104b97
0x00000001110fe4b0:   00000001a36c9620 0000000000000000
0x00000001110fe4c0:   00000001110fe558 00007fc239014800
0x00000001110fe4d0:   00000001110fe530 000000011115d66e
0x00000001110fe4e0:   0000000000000001 000000014b525dd0 

Instructions: (pc=0x00007fff665cd7d1)
0x00007fff665cd7b1:   f8 ba 00 10 00 00 b9 01 00 00 00 e8 ce 43 00 00
0x00007fff665cd7c1:   89 c1 31 c0 85 c9 75 35 48 8b 45 f8 48 8d 48 28
0x00007fff665cd7d1:   48 89 08 48 8b 45 f8 48 89 48 08 48 8b 45 f8 48
0x00007fff665cd7e1:   8d 88 ff 0f 00 00 48 89 48 10 48 8b 45 f8 48 8d 

Register to memory mapping:

RAX=0x00000001aac3c000 is an unknown value
RBX=0x00000001110fe410 is pointing into the stack for thread: 0x00007fc239014800
RCX=0x00000001aac3c028 is an unknown value
RDX=0x0000000000001000 is an unknown value
RSP=0x00000001110fe2f0 is pointing into the stack for thread: 0x00007fc239014800
RBP=0x00000001110fe300 is pointing into the stack for thread: 0x00007fc239014800
RSI=0x00000001110fe2d0 is pointing into the stack for thread: 0x00007fc239014800
RDI=0x0000000000000907 is an unknown value
R8 =0x00000001110fe3d0 is pointing into the stack for thread: 0x00007fc239014800
R9 =0x00000001110fe440 is pointing into the stack for thread: 0x00007fc239014800
R10=0x0000000000000001 is an unknown value
R11=0x0000000000000206 is an unknown value
R12=0x00007fff665e3510 is an unknown value
R13=0x00000001a36c9620 is an unknown value
R14=0x00007fff665d3e80 is an unknown value
R15=0x00007fff665e3510 is an unknown value


Stack: [0x0000000111001000,0x0000000111101000],  sp=0x00000001110fe2f0,  free space=1012k
Native frames: (J=compiled Java code, j=interpreted, Vv=VM code, C=native code)
C  0x00007fff665cd7d1
C  0x00007fff665ac607
C  0x00007fff665b76d1
C  [libdyld.dylib+0x28f5]  dlsym+0x48
C  [libjava.dylib+0x1b97]  Java_java_lang_ClassLoader_00024NativeLibrary_find+0x5d
j  java.lang.ClassLoader$NativeLibrary.find(Ljava/lang/String;)J+0
j  java.lang.ClassLoader.findNative(Ljava/lang/ClassLoader;Ljava/lang/String;)J+49
v  ~StubRoutines::call_stub
V  [libjvm.dylib+0x2c5186]
V  [libjvm.dylib+0x2c5381]
V  [libjvm.dylib+0x2c546e]
V  [libjvm.dylib+0x42394b]
V  [libjvm.dylib+0x4241eb]
V  [libjvm.dylib+0x424785]
V  [libjvm.dylib+0x42491b]
V  [libjvm.dylib+0x2bdf8f]
j  java.awt.Font.initIDs()V+0
j  java.awt.Font.<clinit>()V+3
v  ~StubRoutines::call_stub
V  [libjvm.dylib+0x2c5186]
V  [libjvm.dylib+0x298bcd]
V  [libjvm.dylib+0x29a02d]
V  [libjvm.dylib+0x29a2af]
V  [libjvm.dylib+0x2c0bb0]
j  sun.java2d.SunGraphicsEnvironment$1.run()Ljava/lang/Object;+128
v  ~StubRoutines::call_stub
V  [libjvm.dylib+0x2c5186]
V  [libjvm.dylib+0x31a912]
j  java.security.AccessController.doPrivileged(Ljava/security/PrivilegedAction;)Ljava/lang/Object;+0
j  sun.java2d.SunGraphicsEnvironment.<init>()V+23
j  sun.awt.CGraphicsEnvironment.<init>()V+1
v  ~StubRoutines::call_stub
V  [libjvm.dylib+0x2c5186]
V  [libjvm.dylib+0x489f3c]
V  [libjvm.dylib+0x48a265]
V  [libjvm.dylib+0x312429]
j  sun.reflect.NativeConstructorAccessorImpl.newInstance0(Ljava/lang/reflect/Constructor;[Ljava/lang/Object;)Ljava/lang/Object;+0
j  sun.reflect.NativeConstructorAccessorImpl.newInstance([Ljava/lang/Object;)Ljava/lang/Object;+85
j  sun.reflect.DelegatingConstructorAccessorImpl.newInstance([Ljava/lang/Object;)Ljava/lang/Object;+5
j  java.lang.reflect.Constructor.newInstance([Ljava/lang/Object;)Ljava/lang/Object;+79
j  java.lang.Class.newInstance()Ljava/lang/Object;+138
j  java.awt.GraphicsEnvironment.createGE()Ljava/awt/GraphicsEnvironment;+40
j  java.awt.GraphicsEnvironment.getLocalGraphicsEnvironment()Ljava/awt/GraphicsEnvironment;+6
j  com.google.gwt.dev.BootStrapPlatform.initGui()V+20
j  com.google.gwt.dev.DevModeBase.run()V+0
j  com.google.gwt.dev.DevMode.main([Ljava/lang/String;)V+27
v  ~StubRoutines::call_stub
V  [libjvm.dylib+0x2c5186]
V  [libjvm.dylib+0x2f9c4a]
V  [libjvm.dylib+0x2f2e93]
C  [java+0x2c89]  JavaMain+0x998
C  [libsystem_pthread.dylib+0x3268]  _pthread_body+0x83
C  [libsystem_pthread.dylib+0x31e5]  _pthread_body+0x0
C  [libsystem_pthread.dylib+0x141d]  thread_start+0xd

Java frames: (J=compiled Java code, j=interpreted, Vv=VM code)
j  java.lang.ClassLoader$NativeLibrary.find(Ljava/lang/String;)J+0
j  java.lang.ClassLoader.findNative(Ljava/lang/ClassLoader;Ljava/lang/String;)J+49
v  ~StubRoutines::call_stub
j  java.awt.Font.initIDs()V+0
j  java.awt.Font.<clinit>()V+3
v  ~StubRoutines::call_stub
j  sun.java2d.SunGraphicsEnvironment$1.run()Ljava/lang/Object;+128
v  ~StubRoutines::call_stub
j  java.security.AccessController.doPrivileged(Ljava/security/PrivilegedAction;)Ljava/lang/Object;+0
j  sun.java2d.SunGraphicsEnvironment.<init>()V+23
j  sun.awt.CGraphicsEnvironment.<init>()V+1
v  ~StubRoutines::call_stub
j  sun.reflect.NativeConstructorAccessorImpl.newInstance0(Ljava/lang/reflect/Constructor;[Ljava/lang/Object;)Ljava/lang/Object;+0
j  sun.reflect.NativeConstructorAccessorImpl.newInstance([Ljava/lang/Object;)Ljava/lang/Object;+85
j  sun.reflect.DelegatingConstructorAccessorImpl.newInstance([Ljava/lang/Object;)Ljava/lang/Object;+5
j  java.lang.reflect.Constructor.newInstance([Ljava/lang/Object;)Ljava/lang/Object;+79
j  java.lang.Class.newInstance()Ljava/lang/Object;+138
j  java.awt.GraphicsEnvironment.createGE()Ljava/awt/GraphicsEnvironment;+40
j  java.awt.GraphicsEnvironment.getLocalGraphicsEnvironment()Ljava/awt/GraphicsEnvironment;+6
j  com.google.gwt.dev.BootStrapPlatform.initGui()V+20
j  com.google.gwt.dev.DevModeBase.run()V+0
j  com.google.gwt.dev.DevMode.main([Ljava/lang/String;)V+27
v  ~StubRoutines::call_stub

---------------  P R O C E S S  ---------------

Java Threads: ( => current thread )
  0x00007fc23a919000 JavaThread "AWT-Shutdown" [_thread_blocked, id=31495, stack(0x00000001a9f63000,0x00000001aa063000)]
  0x00007fc239163000 JavaThread "AWT-AppKit" daemon [_thread_in_native, id=1811, stack(0x00007fff503e4000,0x00007fff50be4000)]
  0x00007fc23a84b000 JavaThread "Service Thread" daemon [_thread_blocked, id=20739, stack(0x00000001a7c43000,0x00000001a7d43000)]
  0x00007fc23a80f800 JavaThread "C1 CompilerThread3" daemon [_thread_blocked, id=20227, stack(0x00000001a7b40000,0x00000001a7c40000)]
  0x00007fc23a80f000 JavaThread "C2 CompilerThread2" daemon [_thread_blocked, id=19715, stack(0x00000001a7a3d000,0x00000001a7b3d000)]
  0x00007fc23a80b000 JavaThread "C2 CompilerThread1" daemon [_thread_blocked, id=19203, stack(0x00000001a793a000,0x00000001a7a3a000)]
  0x00007fc23904f800 JavaThread "C2 CompilerThread0" daemon [_thread_blocked, id=18691, stack(0x00000001a7837000,0x00000001a7937000)]
  0x00007fc23a04d800 JavaThread "Signal Dispatcher" daemon [_thread_blocked, id=15379, stack(0x00000001a7734000,0x00000001a7834000)]
  0x00007fc23a809000 JavaThread "Finalizer" daemon [_thread_blocked, id=13571, stack(0x00000001a5ded000,0x00000001a5eed000)]
  0x00007fc239028000 JavaThread "Reference Handler" daemon [_thread_blocked, id=13059, stack(0x00000001a5cea000,0x00000001a5dea000)]
=>0x00007fc239014800 JavaThread "main" [_thread_in_native, id=4867, stack(0x0000000111001000,0x0000000111101000)]

Other Threads:
  0x00007fc23a808800 VMThread [stack: 0x00000001a5be7000,0x00000001a5ce7000] [id=12547]
  0x00007fc23a84b800 WatcherThread [stack: 0x00000001a7d46000,0x00000001a7e46000] [id=21251]

VM state:not at safepoint (normal execution)

VM Mutex/Monitor currently owned by a thread: None

Heap:
 PSYoungGen      total 7680K, used 5958K [0x000000014b300000, 0x000000014bf80000, 0x0000000160800000)
  eden space 6656K, 79% used [0x000000014b300000,0x000000014b831a10,0x000000014b980000)
  from space 1024K, 62% used [0x000000014b980000,0x000000014ba20000,0x000000014ba80000)
  to   space 1024K, 0% used [0x000000014be80000,0x000000014be80000,0x000000014bf80000)
 ParOldGen       total 260608K, used 1629K [0x0000000120800000, 0x0000000130680000, 0x000000014b300000)
  object space 260608K, 0% used [0x0000000120800000,0x00000001209977c8,0x0000000130680000)
 Metaspace       used 5362K, capacity 6100K, committed 6400K, reserved 1056768K
  class space    used 670K, capacity 720K, committed 768K, reserved 1048576K

Card table byte_map: [0x0000000160800000,0x0000000160a01000] byte_map_base: 0x000000015fefc000

Marking Bits: (ParMarkBitMap*) 0x000000010f9800a0
 Begin Bits: [0x000000016136f000, 0x000000016236f000)
 End Bits:   [0x000000016236f000, 0x000000016336f000)

Polling page: 0x000000010ffff000

CodeCache: size=245760Kb used=2171Kb max_used=2171Kb free=243588Kb
 bounds [0x0000000111149000, 0x00000001113b9000, 0x0000000120149000]
 total_blobs=658 nmethods=404 adapters=170
 compilation: enabled

Compilation events (10 events):
Event: 0.395 Thread 0x00007fc23a80f800  401   !   3       java.net.URLClassLoader::defineClass (224 bytes)
Event: 0.396 Thread 0x00007fc23904f800  402       4       java.lang.String::lastIndexOf (13 bytes)
Event: 0.398 Thread 0x00007fc23a80f800 nmethod 401 0x0000000111359b10 code [0x0000000111359f40, 0x000000011135ca28]
Event: 0.398 Thread 0x00007fc23a80f800  400       3       java.lang.ClassNotFoundException::<init> (7 bytes)
Event: 0.398 Thread 0x00007fc23a80f800 nmethod 400 0x000000011134f750 code [0x000000011134f8c0, 0x000000011134fb08]
Event: 0.398 Thread 0x00007fc23904f800 nmethod 402 0x00000001113516d0 code [0x0000000111351820, 0x0000000111351988]
Event: 0.550 Thread 0x00007fc23a80f800  403       3       sun.nio.cs.UTF_8$Decoder::decodeArrayLoop (671 bytes)
Event: 0.551 Thread 0x00007fc23a80f000  404       4       java.lang.String::indexOf (7 bytes)
Event: 0.554 Thread 0x00007fc23a80f000 nmethod 404 0x0000000111351090 code [0x00000001113511e0, 0x00000001113513a8]
Event: 0.557 Thread 0x00007fc23a80f800 nmethod 403 0x0000000111362790 code [0x0000000111363100, 0x0000000111368bf8]

GC Heap History (10 events):
Event: 0.196 GC heap before
{Heap before GC invocations=7 (full 0):
 PSYoungGen      total 3072K, used 2772K [0x000000014b300000, 0x000000014b700000, 0x0000000160800000)
  eden space 2048K, 100% used [0x000000014b300000,0x000000014b500000,0x000000014b500000)
  from space 1024K, 70% used [0x000000014b600000,0x000000014b6b51b0,0x000000014b700000)
  to   space 1024K, 0% used [0x000000014b500000,0x000000014b500000,0x000000014b600000)
 ParOldGen       total 260608K, used 864K [0x0000000120800000, 0x0000000130680000, 0x000000014b300000)
  object space 260608K, 0% used [0x0000000120800000,0x00000001208d8048,0x0000000130680000)
 Metaspace       used 2985K, capacity 4652K, committed 4864K, reserved 1056768K
  class space    used 328K, capacity 424K, committed 512K, reserved 1048576K
Event: 0.197 GC heap after
Heap after GC invocations=7 (full 0):
 PSYoungGen      total 3072K, used 436K [0x000000014b300000, 0x000000014b900000, 0x0000000160800000)
  eden space 2048K, 0% used [0x000000014b300000,0x000000014b300000,0x000000014b500000)
  from space 1024K, 42% used [0x000000014b500000,0x000000014b56d1b0,0x000000014b600000)
  to   space 1024K, 0% used [0x000000014b800000,0x000000014b800000,0x000000014b900000)
 ParOldGen       total 260608K, used 1168K [0x0000000120800000, 0x0000000130680000, 0x000000014b300000)
  object space 260608K, 0% used [0x0000000120800000,0x0000000120924098,0x0000000130680000)
 Metaspace       used 2985K, capacity 4652K, committed 4864K, reserved 1056768K
  class space    used 328K, capacity 424K, committed 512K, reserved 1048576K
}
Event: 0.214 GC heap before
{Heap before GC invocations=8 (full 0):
 PSYoungGen      total 3072K, used 2484K [0x000000014b300000, 0x000000014b900000, 0x0000000160800000)
  eden space 2048K, 100% used [0x000000014b300000,0x000000014b500000,0x000000014b500000)
  from space 1024K, 42% used [0x000000014b500000,0x000000014b56d1b0,0x000000014b600000)
  to   space 1024K, 0% used [0x000000014b800000,0x000000014b800000,0x000000014b900000)
 ParOldGen       total 260608K, used 1168K [0x0000000120800000, 0x0000000130680000, 0x000000014b300000)
  object space 260608K, 0% used [0x0000000120800000,0x0000000120924098,0x0000000130680000)
 Metaspace       used 3041K, capacity 4684K, committed 4864K, reserved 1056768K
  class space    used 347K, capacity 456K, committed 512K, reserved 1048576K
Event: 0.215 GC heap after
Heap after GC invocations=8 (full 0):
 PSYoungGen      total 5120K, used 352K [0x000000014b300000, 0x000000014b900000, 0x0000000160800000)
  eden space 4096K, 0% used [0x000000014b300000,0x000000014b300000,0x000000014b700000)
  from space 1024K, 34% used [0x000000014b800000,0x000000014b858000,0x000000014b900000)
  to   space 1024K, 0% used [0x000000014b700000,0x000000014b700000,0x000000014b800000)
 ParOldGen       total 260608K, used 1289K [0x0000000120800000, 0x0000000130680000, 0x000000014b300000)
  object space 260608K, 0% used [0x0000000120800000,0x0000000120942618,0x0000000130680000)
 Metaspace       used 3041K, capacity 4684K, committed 4864K, reserved 1056768K
  class space    used 347K, capacity 456K, committed 512K, reserved 1048576K
}
Event: 0.261 GC heap before
{Heap before GC invocations=9 (full 0):
 PSYoungGen      total 5120K, used 4448K [0x000000014b300000, 0x000000014b900000, 0x0000000160800000)
  eden space 4096K, 100% used [0x000000014b300000,0x000000014b700000,0x000000014b700000)
  from space 1024K, 34% used [0x000000014b800000,0x000000014b858000,0x000000014b900000)
  to   space 1024K, 0% used [0x000000014b700000,0x000000014b700000,0x000000014b800000)
 ParOldGen       total 260608K, used 1289K [0x0000000120800000, 0x0000000130680000, 0x000000014b300000)
  object space 260608K, 0% used [0x0000000120800000,0x0000000120942618,0x0000000130680000)
 Metaspace       used 3474K, capacity 4972K, committed 5120K, reserved 1056768K
  class space    used 395K, capacity 488K, committed 512K, reserved 1048576K
Event: 0.263 GC heap after
Heap after GC invocations=9 (full 0):
 PSYoungGen      total 5120K, used 557K [0x000000014b300000, 0x000000014bb80000, 0x0000000160800000)
  eden space 4096K, 0% used [0x000000014b300000,0x000000014b300000,0x000000014b700000)
  from space 1024K, 54% used [0x000000014b700000,0x000000014b78b750,0x000000014b800000)
  to   space 1024K, 0% used [0x000000014ba80000,0x000000014ba80000,0x000000014bb80000)
 ParOldGen       total 260608K, used 1453K [0x0000000120800000, 0x0000000130680000, 0x000000014b300000)
  object space 260608K, 0% used [0x0000000120800000,0x000000012096b7c8,0x0000000130680000)
 Metaspace       used 3474K, capacity 4972K, committed 5120K, reserved 1056768K
  class space    used 395K, capacity 488K, committed 512K, reserved 1048576K
}
Event: 0.290 GC heap before
{Heap before GC invocations=10 (full 0):
 PSYoungGen      total 5120K, used 4653K [0x000000014b300000, 0x000000014bb80000, 0x0000000160800000)
  eden space 4096K, 100% used [0x000000014b300000,0x000000014b700000,0x000000014b700000)
  from space 1024K, 54% used [0x000000014b700000,0x000000014b78b750,0x000000014b800000)
  to   space 1024K, 0% used [0x000000014ba80000,0x000000014ba80000,0x000000014bb80000)
 ParOldGen       total 260608K, used 1453K [0x0000000120800000, 0x0000000130680000, 0x000000014b300000)
  object space 260608K, 0% used [0x0000000120800000,0x000000012096b7c8,0x0000000130680000)
 Metaspace       used 3800K, capacity 5196K, committed 5504K, reserved 1056768K
  class space    used 442K, capacity 520K, committed 640K, reserved 1048576K
Event: 0.290 GC heap after
Heap after GC invocations=10 (full 0):
 PSYoungGen      total 7680K, used 530K [0x000000014b300000, 0x000000014bb80000, 0x0000000160800000)
  eden space 6656K, 0% used [0x000000014b300000,0x000000014b300000,0x000000014b980000)
  from space 1024K, 51% used [0x000000014ba80000,0x000000014bb048d8,0x000000014bb80000)
  to   space 1024K, 0% used [0x000000014b980000,0x000000014b980000,0x000000014ba80000)
 ParOldGen       total 260608K, used 1517K [0x0000000120800000, 0x0000000130680000, 0x000000014b300000)
  object space 260608K, 0% used [0x0000000120800000,0x000000012097b7c8,0x0000000130680000)
 Metaspace       used 3800K, capacity 5196K, committed 5504K, reserved 1056768K
  class space    used 442K, capacity 520K, committed 640K, reserved 1048576K
}
Event: 0.362 GC heap before
{Heap before GC invocations=11 (full 0):
 PSYoungGen      total 7680K, used 7186K [0x000000014b300000, 0x000000014bb80000, 0x0000000160800000)
  eden space 6656K, 100% used [0x000000014b300000,0x000000014b980000,0x000000014b980000)
  from space 1024K, 51% used [0x000000014ba80000,0x000000014bb048d8,0x000000014bb80000)
  to   space 1024K, 0% used [0x000000014b980000,0x000000014b980000,0x000000014ba80000)
 ParOldGen       total 260608K, used 1517K [0x0000000120800000, 0x0000000130680000, 0x000000014b300000)
  object space 260608K, 0% used [0x0000000120800000,0x000000012097b7c8,0x0000000130680000)
 Metaspace       used 4446K, capacity 5644K, committed 5760K, reserved 1056768K
  class space    used 541K, capacity 584K, committed 640K, reserved 1048576K
Event: 0.363 GC heap after
Heap after GC invocations=11 (full 0):
 PSYoungGen      total 7680K, used 640K [0x000000014b300000, 0x000000014bf80000, 0x0000000160800000)
  eden space 6656K, 0% used [0x000000014b300000,0x000000014b300000,0x000000014b980000)
  from space 1024K, 62% used [0x000000014b980000,0x000000014ba20000,0x000000014ba80000)
  to   space 1024K, 0% used [0x000000014be80000,0x000000014be80000,0x000000014bf80000)
 ParOldGen       total 260608K, used 1629K [0x0000000120800000, 0x0000000130680000, 0x000000014b300000)
  object space 260608K, 0% used [0x0000000120800000,0x00000001209977c8,0x0000000130680000)
 Metaspace       used 4446K, capacity 5644K, committed 5760K, reserved 1056768K
  class space    used 541K, capacity 584K, committed 640K, reserved 1048576K
}

Deoptimization events (6 events):
Event: 0.551 Thread 0x00007fc239014800 Uncommon trap: reason=bimorphic action=maybe_recompile pc=0x00000001112c93a4 method=java.util.HashMap.getNode(ILjava/lang/Object;)Ljava/util/HashMap$Node; @ 59
Event: 0.552 Thread 0x00007fc239014800 Uncommon trap: reason=bimorphic action=maybe_recompile pc=0x00000001112c93a4 method=java.util.HashMap.getNode(ILjava/lang/Object;)Ljava/util/HashMap$Node; @ 59
Event: 0.552 Thread 0x00007fc239014800 Uncommon trap: reason=bimorphic action=maybe_recompile pc=0x00000001112c93a4 method=java.util.HashMap.getNode(ILjava/lang/Object;)Ljava/util/HashMap$Node; @ 59
Event: 0.552 Thread 0x00007fc239014800 Uncommon trap: reason=bimorphic action=maybe_recompile pc=0x00000001112c93a4 method=java.util.HashMap.getNode(ILjava/lang/Object;)Ljava/util/HashMap$Node; @ 59
Event: 0.552 Thread 0x00007fc239014800 Uncommon trap: reason=class_check action=maybe_recompile pc=0x00000001112cba90 method=java.util.HashMap.getNode(ILjava/lang/Object;)Ljava/util/HashMap$Node; @ 126
Event: 0.552 Thread 0x00007fc239014800 Uncommon trap: reason=bimorphic action=maybe_recompile pc=0x00000001112cba70 method=java.util.HashMap.getNode(ILjava/lang/Object;)Ljava/util/HashMap$Node; @ 59

Internal exceptions (10 events):
Event: 0.401 Thread 0x00007fc239014800 Exception <a 'java/security/PrivilegedActionException'> (0x000000014b7a0e38) thrown at [/HUDSON/workspace/8-2-build-macosx-x86_64/jdk8u5/2488/hotspot/src/share/vm/prims/jvm.cpp, line 1248]
Event: 0.401 Thread 0x00007fc239014800 Exception <a 'java/security/PrivilegedActionException'> (0x000000014b7b5df8) thrown at [/HUDSON/workspace/8-2-build-macosx-x86_64/jdk8u5/2488/hotspot/src/share/vm/prims/jvm.cpp, line 1248]
Event: 0.402 Thread 0x00007fc239014800 Exception <a 'java/security/PrivilegedActionException'> (0x000000014b7d45b8) thrown at [/HUDSON/workspace/8-2-build-macosx-x86_64/jdk8u5/2488/hotspot/src/share/vm/prims/jvm.cpp, line 1248]
Event: 0.402 Thread 0x00007fc239014800 Exception <a 'java/security/PrivilegedActionException'> (0x000000014b7e57b0) thrown at [/HUDSON/workspace/8-2-build-macosx-x86_64/jdk8u5/2488/hotspot/src/share/vm/prims/jvm.cpp, line 1248]
Event: 0.552 Thread 0x00007fc239014800 Exception <a 'java/security/PrivilegedActionException'> (0x000000014b81e9e8) thrown at [/HUDSON/workspace/8-2-build-macosx-x86_64/jdk8u5/2488/hotspot/src/share/vm/prims/jvm.cpp, line 1248]
Event: 0.552 Thread 0x00007fc239014800 Exception <a 'java/security/PrivilegedActionException'> (0x000000014b81ed30) thrown at [/HUDSON/workspace/8-2-build-macosx-x86_64/jdk8u5/2488/hotspot/src/share/vm/prims/jvm.cpp, line 1248]
Event: 0.552 Thread 0x00007fc239014800 Exception <a 'java/security/PrivilegedActionException'> (0x000000014b8220b0) thrown at [/HUDSON/workspace/8-2-build-macosx-x86_64/jdk8u5/2488/hotspot/src/share/vm/prims/jvm.cpp, line 1248]
Event: 0.552 Thread 0x00007fc239014800 Exception <a 'java/security/PrivilegedActionException'> (0x000000014b8223f8) thrown at [/HUDSON/workspace/8-2-build-macosx-x86_64/jdk8u5/2488/hotspot/src/share/vm/prims/jvm.cpp, line 1248]
Event: 0.556 Thread 0x00007fc239014800 Exception <a 'java/io/FileNotFoundException'> (0x000000014b825820) thrown at [/HUDSON/workspace/8-2-build-macosx-x86_64/jdk8u5/2488/hotspot/src/share/vm/prims/jni.cpp, line 716]
Event: 0.556 Thread 0x00007fc239014800 Exception <a 'java/io/FileNotFoundException'> (0x000000014b826310) thrown at [/HUDSON/workspace/8-2-build-macosx-x86_64/jdk8u5/2488/hotspot/src/share/vm/prims/jni.cpp, line 716]

Events (10 events):
Event: 0.554 loading class java/util/ResourceBundle$SingleFormatControl
Event: 0.554 loading class java/util/ResourceBundle$SingleFormatControl done
Event: 0.555 loading class sun/awt/resources/awt
Event: 0.555 loading class java/util/ListResourceBundle
Event: 0.555 loading class java/util/ListResourceBundle done
Event: 0.555 loading class sun/awt/resources/awt done
Event: 0.555 loading class java/awt/Toolkit$3
Event: 0.555 loading class java/awt/Toolkit$3 done
Event: 0.555 loading class java/awt/Toolkit$1
Event: 0.555 loading class java/awt/Toolkit$1 done


Dynamic libraries:
0x00000000036c8000 	/System/Library/Frameworks/Cocoa.framework/Versions/A/Cocoa
0x00000000036c8000 	/System/Library/Frameworks/Security.framework/Versions/A/Security
0x00000000036c8000 	/System/Library/Frameworks/ApplicationServices.framework/Versions/A/ApplicationServices
0x00000000036c8000 	/usr/lib/libz.1.dylib
0x00000000036c8000 	/usr/lib/libSystem.B.dylib
0x00000000036c8000 	/usr/lib/libobjc.A.dylib
0x00000000036c8000 	/System/Library/Frameworks/CoreFoundation.framework/Versions/A/CoreFoundation
0x00000000036c8000 	/System/Library/Frameworks/Foundation.framework/Versions/C/Foundation
0x00000000036c8000 	/System/Library/Frameworks/AppKit.framework/Versions/C/AppKit
0x00000000036c8000 	/System/Library/Frameworks/CoreData.framework/Versions/A/CoreData
0x00000000036c8000 	/System/Library/PrivateFrameworks/RemoteViewServices.framework/Versions/A/RemoteViewServices
0x00000000036c8000 	/System/Library/PrivateFrameworks/UIFoundation.framework/Versions/A/UIFoundation
0x00000000036c8000 	/System/Library/Frameworks/IOSurface.framework/Versions/A/IOSurface
0x00000000036c8000 	/System/Library/Frameworks/AudioToolbox.framework/Versions/A/AudioToolbox
0x00000000036c8000 	/System/Library/Frameworks/AudioUnit.framework/Versions/A/AudioUnit
0x00000000036c8000 	/System/Library/PrivateFrameworks/DataDetectorsCore.framework/Versions/A/DataDetectorsCore
0x00000000036c8000 	/System/Library/PrivateFrameworks/DesktopServicesPriv.framework/Versions/A/DesktopServicesPriv
0x00000000036c8000 	/System/Library/Frameworks/Carbon.framework/Versions/A/Frameworks/HIToolbox.framework/Versions/A/HIToolbox
0x00000000036c8000 	/System/Library/Frameworks/QuartzCore.framework/Versions/A/QuartzCore
0x00000000036c8000 	/System/Library/Frameworks/Carbon.framework/Versions/A/Frameworks/SpeechRecognition.framework/Versions/A/SpeechRecognition
0x00000000036c8000 	/usr/lib/libauto.dylib
0x00000000036c8000 	/usr/lib/libicucore.A.dylib
0x00000000036c8000 	/usr/lib/libxml2.2.dylib
0x00000000036c8000 	/System/Library/PrivateFrameworks/CoreUI.framework/Versions/A/CoreUI
0x00000000036c8000 	/System/Library/Frameworks/CoreAudio.framework/Versions/A/CoreAudio
0x00000000036c8000 	/System/Library/Frameworks/DiskArbitration.framework/Versions/A/DiskArbitration
0x00000000036c8000 	/usr/lib/liblangid.dylib
0x00000000036c8000 	/System/Library/PrivateFrameworks/MultitouchSupport.framework/Versions/A/MultitouchSupport
0x00000000036c8000 	/System/Library/Frameworks/IOKit.framework/Versions/A/IOKit
0x00000000036c8000 	/usr/lib/libDiagnosticMessagesClient.dylib
0x00000000036c8000 	/System/Library/Frameworks/CoreServices.framework/Versions/A/CoreServices
0x00000000036c8000 	/System/Library/PrivateFrameworks/PerformanceAnalysis.framework/Versions/A/PerformanceAnalysis
0x00000000036c8000 	/System/Library/PrivateFrameworks/GenerationalStorage.framework/Versions/A/GenerationalStorage
0x00000000036c8000 	/System/Library/Frameworks/OpenGL.framework/Versions/A/OpenGL
0x00000000036c8000 	/System/Library/PrivateFrameworks/Sharing.framework/Versions/A/Sharing
0x00000000036c8000 	/System/Library/Frameworks/CoreGraphics.framework/Versions/A/CoreGraphics
0x00000000036c8000 	/System/Library/Frameworks/CoreText.framework/Versions/A/CoreText
0x00000000036c8000 	/System/Library/Frameworks/ImageIO.framework/Versions/A/ImageIO
0x00000000036c8000 	/usr/lib/libextension.dylib
0x00000000036c8000 	/System/Library/PrivateFrameworks/Backup.framework/Versions/A/Backup
0x00000000036c8000 	/usr/lib/libarchive.2.dylib
0x00000000036c8000 	/System/Library/Frameworks/CFNetwork.framework/Versions/A/CFNetwork
0x00000000036c8000 	/System/Library/Frameworks/SystemConfiguration.framework/Versions/A/SystemConfiguration
0x00000000036c8000 	/usr/lib/libCRFSuite.dylib
0x00000000036c8000 	/usr/lib/libc++.1.dylib
0x00000000036c8000 	/usr/lib/libc++abi.dylib
0x00000000036c8000 	/usr/lib/system/libcache.dylib
0x00000000036c8000 	/usr/lib/system/libcommonCrypto.dylib
0x00000000036c8000 	/usr/lib/system/libcompiler_rt.dylib
0x00000000036c8000 	/usr/lib/system/libcopyfile.dylib
0x00000000036c8000 	/usr/lib/system/libcorecrypto.dylib
0x00000000036c8000 	/usr/lib/system/libdispatch.dylib
0x00000000036c8000 	/usr/lib/system/libdyld.dylib
0x00000000036c8000 	/usr/lib/system/libkeymgr.dylib
0x00000000036c8000 	/usr/lib/system/liblaunch.dylib
0x00000000036c8000 	/usr/lib/system/libmacho.dylib
0x00000000036c8000 	/usr/lib/system/libquarantine.dylib
0x00000000036c8000 	/usr/lib/system/libremovefile.dylib
0x00000000036c8000 	/usr/lib/system/libsystem_asl.dylib
0x00000000036c8000 	/usr/lib/system/libsystem_blocks.dylib
0x00000000036c8000 	/usr/lib/system/libsystem_c.dylib
0x00000000036c8000 	/usr/lib/system/libsystem_configuration.dylib
0x00000000036c8000 	/usr/lib/system/libsystem_coreservices.dylib
0x00000000036c8000 	/usr/lib/system/libsystem_coretls.dylib
0x00000000036c8000 	/usr/lib/system/libsystem_dnssd.dylib
0x00000000036c8000 	/usr/lib/system/libsystem_info.dylib
0x00000000036c8000 	/usr/lib/system/libsystem_kernel.dylib
0x00000000036c8000 	/usr/lib/system/libsystem_m.dylib
0x00000000036c8000 	/usr/lib/system/libsystem_malloc.dylib
0x00000000036c8000 	/usr/lib/system/libsystem_network.dylib
0x00000000036c8000 	/usr/lib/system/libsystem_networkextension.dylib
0x00000000036c8000 	/usr/lib/system/libsystem_notify.dylib
0x00000000036c8000 	/usr/lib/system/libsystem_platform.dylib
0x00000000036c8000 	/usr/lib/system/libsystem_pthread.dylib
0x00000000036c8000 	/usr/lib/system/libsystem_sandbox.dylib
0x00000000036c8000 	/usr/lib/system/libsystem_secinit.dylib
0x00000000036c8000 	/usr/lib/system/libsystem_stats.dylib
0x00000000036c8000 	/usr/lib/system/libsystem_trace.dylib
0x00000000036c8000 	/usr/lib/system/libunc.dylib
0x00000000036c8000 	/usr/lib/system/libunwind.dylib
0x00000000036c8000 	/usr/lib/system/libxpc.dylib
0x00000000036c8000 	/usr/lib/libbz2.1.0.dylib
0x00000000036c8000 	/usr/lib/liblzma.5.dylib
0x00000000036c8000 	/usr/lib/libbsm.0.dylib
0x00000000036c8000 	/usr/lib/libsqlite3.dylib
0x00000000036c8000 	/usr/lib/system/libkxld.dylib
0x00000000036c8000 	/usr/lib/libxar.1.dylib
0x00000000036c8000 	/usr/lib/libpam.2.dylib
0x00000000036c8000 	/usr/lib/libOpenScriptingUtil.dylib
0x00000000036c8000 	/System/Library/Frameworks/CoreServices.framework/Versions/A/Frameworks/FSEvents.framework/Versions/A/FSEvents
0x00000000036c8000 	/System/Library/Frameworks/CoreServices.framework/Versions/A/Frameworks/CarbonCore.framework/Versions/A/CarbonCore
0x00000000036c8000 	/System/Library/Frameworks/CoreServices.framework/Versions/A/Frameworks/Metadata.framework/Versions/A/Metadata
0x00000000036c8000 	/System/Library/Frameworks/CoreServices.framework/Versions/A/Frameworks/OSServices.framework/Versions/A/OSServices
0x00000000036c8000 	/System/Library/Frameworks/CoreServices.framework/Versions/A/Frameworks/SearchKit.framework/Versions/A/SearchKit
0x00000000036c8000 	/System/Library/Frameworks/CoreServices.framework/Versions/A/Frameworks/AE.framework/Versions/A/AE
0x00000000036c8000 	/System/Library/Frameworks/CoreServices.framework/Versions/A/Frameworks/LaunchServices.framework/Versions/A/LaunchServices
0x00000000036c8000 	/System/Library/Frameworks/CoreServices.framework/Versions/A/Frameworks/DictionaryServices.framework/Versions/A/DictionaryServices
0x00000000036c8000 	/System/Library/Frameworks/NetFS.framework/Versions/A/NetFS
0x00000000036c8000 	/System/Library/PrivateFrameworks/NetAuth.framework/Versions/A/NetAuth
0x00000000036c8000 	/System/Library/PrivateFrameworks/login.framework/Versions/A/Frameworks/loginsupport.framework/Versions/A/loginsupport
0x00000000036c8000 	/System/Library/PrivateFrameworks/TCC.framework/Versions/A/TCC
0x00000000036c8000 	/usr/lib/libmecabra.dylib
0x00000000036c8000 	/System/Library/Frameworks/ApplicationServices.framework/Versions/A/Frameworks/ATS.framework/Versions/A/ATS
0x00000000036c8000 	/System/Library/Frameworks/ApplicationServices.framework/Versions/A/Frameworks/ColorSync.framework/Versions/A/ColorSync
0x00000000036c8000 	/System/Library/Frameworks/ApplicationServices.framework/Versions/A/Frameworks/HIServices.framework/Versions/A/HIServices
0x00000000036c8000 	/System/Library/Frameworks/ApplicationServices.framework/Versions/A/Frameworks/LangAnalysis.framework/Versions/A/LangAnalysis
0x00000000036c8000 	/System/Library/Frameworks/ApplicationServices.framework/Versions/A/Frameworks/PrintCore.framework/Versions/A/PrintCore
0x00000000036c8000 	/System/Library/Frameworks/ApplicationServices.framework/Versions/A/Frameworks/QD.framework/Versions/A/QD
0x00000000036c8000 	/System/Library/Frameworks/ApplicationServices.framework/Versions/A/Frameworks/SpeechSynthesis.framework/Versions/A/SpeechSynthesis
0x00000000036c8000 	/System/Library/Frameworks/Accelerate.framework/Versions/A/Accelerate
0x00000000036c8000 	/System/Library/Frameworks/Accelerate.framework/Versions/A/Frameworks/vImage.framework/Versions/A/vImage
0x00000000036c8000 	/System/Library/Frameworks/Accelerate.framework/Versions/A/Frameworks/vecLib.framework/Versions/A/vecLib
0x00000000036c8000 	/System/Library/Frameworks/Accelerate.framework/Versions/A/Frameworks/vecLib.framework/Versions/A/libvDSP.dylib
0x00000000036c8000 	/System/Library/Frameworks/Accelerate.framework/Versions/A/Frameworks/vecLib.framework/Versions/A/libvMisc.dylib
0x00000000036c8000 	/System/Library/Frameworks/Accelerate.framework/Versions/A/Frameworks/vecLib.framework/Versions/A/libLAPACK.dylib
0x00000000036c8000 	/System/Library/Frameworks/Accelerate.framework/Versions/A/Frameworks/vecLib.framework/Versions/A/libBLAS.dylib
0x00000000036c8000 	/System/Library/Frameworks/Accelerate.framework/Versions/A/Frameworks/vecLib.framework/Versions/A/libLinearAlgebra.dylib
0x00000000036c8000 	/System/Library/Frameworks/ApplicationServices.framework/Versions/A/Frameworks/ATS.framework/Versions/A/Resources/libFontParser.dylib
0x00000000036c8000 	/System/Library/Frameworks/ApplicationServices.framework/Versions/A/Frameworks/ATS.framework/Versions/A/Resources/libFontRegistry.dylib
0x00000000036c8000 	/System/Library/PrivateFrameworks/AppleVPA.framework/Versions/A/AppleVPA
0x00000000036c8000 	/System/Library/PrivateFrameworks/AppleJPEG.framework/Versions/A/AppleJPEG
0x00000000036c8000 	/System/Library/Frameworks/ImageIO.framework/Versions/A/Resources/libJPEG.dylib
0x00000000036c8000 	/System/Library/Frameworks/ImageIO.framework/Versions/A/Resources/libTIFF.dylib
0x00000000036c8000 	/System/Library/Frameworks/ImageIO.framework/Versions/A/Resources/libPng.dylib
0x00000000036c8000 	/System/Library/Frameworks/ImageIO.framework/Versions/A/Resources/libGIF.dylib
0x00000000036c8000 	/System/Library/Frameworks/ImageIO.framework/Versions/A/Resources/libJP2.dylib
0x00000000036c8000 	/System/Library/Frameworks/ImageIO.framework/Versions/A/Resources/libRadiance.dylib
0x00000000036c8000 	/System/Library/Frameworks/CoreVideo.framework/Versions/A/CoreVideo
0x00000000036c8000 	/System/Library/Frameworks/OpenGL.framework/Versions/A/Libraries/libGLU.dylib
0x00000000036c8000 	/System/Library/Frameworks/OpenGL.framework/Versions/A/Libraries/libGFXShared.dylib
0x00000000036c8000 	/System/Library/Frameworks/OpenGL.framework/Versions/A/Libraries/libGL.dylib
0x00000000036c8000 	/System/Library/Frameworks/OpenGL.framework/Versions/A/Libraries/libGLImage.dylib
0x00000000036c8000 	/System/Library/Frameworks/OpenGL.framework/Versions/A/Libraries/libCVMSPluginSupport.dylib
0x00000000036c8000 	/System/Library/Frameworks/OpenGL.framework/Versions/A/Libraries/libCoreVMClient.dylib
0x00000000036c8000 	/usr/lib/libcups.2.dylib
0x00000000036c8000 	/System/Library/Frameworks/Kerberos.framework/Versions/A/Kerberos
0x00000000036c8000 	/System/Library/Frameworks/GSS.framework/Versions/A/GSS
0x00000000036c8000 	/usr/lib/libresolv.9.dylib
0x00000000036c8000 	/usr/lib/libiconv.2.dylib
0x00000000036c8000 	/System/Library/PrivateFrameworks/Heimdal.framework/Versions/A/Heimdal
0x00000000036c8000 	/usr/lib/libheimdal-asn1.dylib
0x00000000036c8000 	/System/Library/Frameworks/OpenDirectory.framework/Versions/A/OpenDirectory
0x00000000036c8000 	/System/Library/PrivateFrameworks/CommonAuth.framework/Versions/A/CommonAuth
0x00000000036c8000 	/System/Library/Frameworks/OpenDirectory.framework/Versions/A/Frameworks/CFOpenDirectory.framework/Versions/A/CFOpenDirectory
0x00000000036c8000 	/System/Library/Frameworks/SecurityFoundation.framework/Versions/A/SecurityFoundation
0x00000000036c8000 	/System/Library/PrivateFrameworks/LanguageModeling.framework/Versions/A/LanguageModeling
0x00000000036c8000 	/usr/lib/libcmph.dylib
0x00000000036c8000 	/System/Library/Frameworks/ServiceManagement.framework/Versions/A/ServiceManagement
0x00000000036c8000 	/usr/lib/libxslt.1.dylib
0x00000000036c8000 	/System/Library/Frameworks/Carbon.framework/Versions/A/Frameworks/Ink.framework/Versions/A/Ink
0x00000000036c8000 	/System/Library/Frameworks/QuartzCore.framework/Versions/A/Frameworks/CoreImage.framework/Versions/A/CoreImage
0x00000000036c8000 	/System/Library/PrivateFrameworks/CrashReporterSupport.framework/Versions/A/CrashReporterSupport
0x00000000036c8000 	/System/Library/Frameworks/OpenCL.framework/Versions/A/OpenCL
0x00000000036c8000 	/System/Library/PrivateFrameworks/FaceCore.framework/Versions/A/FaceCore
0x00000000036c8000 	/System/Library/PrivateFrameworks/Ubiquity.framework/Versions/A/Ubiquity
0x00000000036c8000 	/System/Library/PrivateFrameworks/IconServices.framework/Versions/A/IconServices
0x00000000036c8000 	/System/Library/PrivateFrameworks/ChunkingLibrary.framework/Versions/A/ChunkingLibrary
0x00000000036c8000 	/System/Library/PrivateFrameworks/Apple80211.framework/Versions/A/Apple80211
0x00000000036c8000 	/System/Library/Frameworks/CoreWLAN.framework/Versions/A/CoreWLAN
0x00000000036c8000 	/System/Library/Frameworks/IOBluetooth.framework/Versions/A/IOBluetooth
0x00000000036c8000 	/System/Library/PrivateFrameworks/CoreWiFi.framework/Versions/A/CoreWiFi
0x00000000036c8000 	/System/Library/Frameworks/CoreBluetooth.framework/Versions/A/CoreBluetooth
0x00000000036c8000 	/System/Library/PrivateFrameworks/DebugSymbols.framework/Versions/A/DebugSymbols
0x00000000036c8000 	/System/Library/PrivateFrameworks/CoreSymbolication.framework/Versions/A/CoreSymbolication
0x00000000036c8000 	/System/Library/PrivateFrameworks/Symbolication.framework/Versions/A/Symbolication
0x00000000036c8000 	/System/Library/PrivateFrameworks/SpeechRecognitionCore.framework/Versions/A/SpeechRecognitionCore
0x000000010f11a000 	/Library/Java/JavaVirtualMachines/jdk1.8.0_05.jdk/Contents/Home/jre/lib/server/libjvm.dylib
0x00000000036c8000 	/usr/lib/libstdc++.6.dylib
0x000000010fff1000 	/Library/Java/JavaVirtualMachines/jdk1.8.0_05.jdk/Contents/Home/jre/lib/libverify.dylib
0x0000000111103000 	/Library/Java/JavaVirtualMachines/jdk1.8.0_05.jdk/Contents/Home/jre/lib/libjava.dylib
0x0000000111140000 	/Library/Java/JavaVirtualMachines/jdk1.8.0_05.jdk/Contents/Home/jre/lib/libzip.dylib
0x00000001a5eef000 	/System/Library/Frameworks/JavaVM.framework/Frameworks/JavaRuntimeSupport.framework/JavaRuntimeSupport
0x00000001a5f07000 	/System/Library/Frameworks/JavaVM.framework/Versions/A/Frameworks/JavaNativeFoundation.framework/Versions/A/JavaNativeFoundation
0x00000001205f2000 	/System/Library/Frameworks/JavaVM.framework/Versions/A/JavaVM
0x00000000036c8000 	/System/Library/Frameworks/Carbon.framework/Versions/A/Carbon
0x00000001a5f1c000 	/System/Library/PrivateFrameworks/JavaLaunching.framework/Versions/A/JavaLaunching
0x00000000036c8000 	/System/Library/Frameworks/Carbon.framework/Versions/A/Frameworks/CommonPanels.framework/Versions/A/CommonPanels
0x00000000036c8000 	/System/Library/Frameworks/Carbon.framework/Versions/A/Frameworks/Help.framework/Versions/A/Help
0x00000000036c8000 	/System/Library/Frameworks/Carbon.framework/Versions/A/Frameworks/ImageCapture.framework/Versions/A/ImageCapture
0x00000000036c8000 	/System/Library/Frameworks/Carbon.framework/Versions/A/Frameworks/OpenScripting.framework/Versions/A/OpenScripting
0x00000000036c8000 	/System/Library/Frameworks/Carbon.framework/Versions/A/Frameworks/Print.framework/Versions/A/Print
0x00000000036c8000 	/System/Library/Frameworks/Carbon.framework/Versions/A/Frameworks/SecurityHI.framework/Versions/A/SecurityHI
0x00000001a86e7000 	/Library/Java/JavaVirtualMachines/jdk1.8.0_05.jdk/Contents/Home/jre/lib/libnet.dylib
0x00000001a8745000 	/Library/Java/JavaVirtualMachines/jdk1.8.0_05.jdk/Contents/Home/jre/lib/libawt.dylib
0x00000001a87f4000 	/Library/Java/JavaVirtualMachines/jdk1.8.0_05.jdk/Contents/Home/jre/lib/./libmlib_image.dylib
0x00000001a88c0000 	/Library/Java/JavaVirtualMachines/jdk1.8.0_05.jdk/Contents/Home/jre/lib/libawt_lwawt.dylib
0x00000001a8972000 	/Library/Java/JavaVirtualMachines/jdk1.8.0_05.jdk/Contents/Home/jre/lib/./libosxapp.dylib
0x00000000036c8000 	/System/Library/Frameworks/ExceptionHandling.framework/Versions/A/ExceptionHandling
0x00000000036c8000 	/System/Library/PrivateFrameworks/CoreServicesInternal.framework/Versions/A/CoreServicesInternal
0x00000000036c8000 	/System/Library/PrivateFrameworks/CloudDocs.framework/Versions/A/CloudDocs
0x00000000036c8000 	/System/Library/PrivateFrameworks/CoreDuet.framework/Versions/A/CoreDuet
0x00000000036c8000 	/System/Library/Frameworks/CloudKit.framework/Versions/A/CloudKit
0x00000000036c8000 	/System/Library/PrivateFrameworks/ProtocolBuffer.framework/Versions/A/ProtocolBuffer
0x00000000036c8000 	/System/Library/PrivateFrameworks/CoreDuetDaemonProtocol.framework/Versions/A/CoreDuetDaemonProtocol
0x00000000036c8000 	/System/Library/PrivateFrameworks/CoreDuetDebugLogging.framework/Versions/A/CoreDuetDebugLogging
0x00000000036c8000 	/System/Library/Frameworks/CoreLocation.framework/Versions/A/CoreLocation
0x00000000036c8000 	/System/Library/Frameworks/Accounts.framework/Versions/A/Accounts
0x00000000036c8000 	/System/Library/PrivateFrameworks/ApplePushService.framework/Versions/A/ApplePushService
0x00000000036c8000 	/System/Library/PrivateFrameworks/GeoServices.framework/Versions/A/GeoServices
0x00000000036c8000 	/System/Library/PrivateFrameworks/OAuth.framework/Versions/A/OAuth
0x00000000036c8000 	/System/Library/PrivateFrameworks/CoreDaemon.framework/Versions/B/CoreDaemon
0x00000000036c8000 	/usr/lib/libcrypto.0.9.8.dylib
0x00000000036c8000 	/System/Library/PrivateFrameworks/AppleSRP.framework/Versions/A/AppleSRP
0x00000000036c8000 	/System/Library/PrivateFrameworks/TrustEvaluationAgent.framework/Versions/A/TrustEvaluationAgent
0x00000000036c8000 	/System/Library/Frameworks/CoreGraphics.framework/Versions/A/Resources/libCGCMS.A.dylib
0x00000000036c8000 	/System/Library/Frameworks/CoreGraphics.framework/Versions/A/Resources/libRIP.A.dylib
0x00000000036c8000 	/System/Library/Frameworks/CoreGraphics.framework/Versions/A/Resources/libCGXType.A.dylib
0x00000000036c8000 	/System/Library/Frameworks/OpenCL.framework/Versions/A/Libraries/libcldcpuengine.dylib
0x00000000036c8000 	/System/Library/PrivateFrameworks/DiskImages.framework/Versions/A/DiskImages
0x00000000036c8000 	/System/Library/Frameworks/DiscRecording.framework/Versions/A/DiscRecording
0x00000000036c8000 	/usr/lib/libcsfde.dylib
0x00000000036c8000 	/usr/lib/libcurl.4.dylib
0x00000000036c8000 	/System/Library/PrivateFrameworks/MediaKit.framework/Versions/A/MediaKit
0x00000000036c8000 	/System/Library/PrivateFrameworks/ProtectedCloudStorage.framework/Versions/A/ProtectedCloudStorage
0x00000000036c8000 	/usr/lib/libCoreStorage.dylib
0x00000000036c8000 	/System/Library/PrivateFrameworks/EFILogin.framework/Versions/A/EFILogin
0x00000000036c8000 	/usr/lib/libutil.dylib
0x00000000036c8000 	/System/Library/PrivateFrameworks/FindMyDevice.framework/Versions/A/FindMyDevice
0x00000000036c8000 	/System/Library/Frameworks/LDAP.framework/Versions/A/LDAP
0x00000000036c8000 	/usr/lib/libsasl2.2.dylib
0x00000001ab819000 	cl_kernels
0x00000001ab81b000 	/System/Library/Frameworks/OpenCL.framework/Versions/A/Libraries/ImageFormats/unorm8_bgra.dylib
0x00000001ab80a000 	cl_kernels
0x00000000036c8000 	/System/Library/PrivateFrameworks/FamilyControls.framework/Versions/A/FamilyControls
0x00000000036c8000 	/System/Library/PrivateFrameworks/CommerceKit.framework/Versions/A/Frameworks/CommerceCore.framework/Versions/A/CommerceCore
0x00000000036c8000 	/System/Library/PrivateFrameworks/SystemAdministration.framework/Versions/A/SystemAdministration
0x00000000036c8000 	/System/Library/PrivateFrameworks/AppContainer.framework/Versions/A/AppContainer
0x00000000036c8000 	/System/Library/PrivateFrameworks/SecCodeWrapper.framework/Versions/A/SecCodeWrapper
0x00000000036c8000 	/System/Library/Frameworks/DirectoryService.framework/Versions/A/DirectoryService
0x00000000036c8000 	/System/Library/PrivateFrameworks/LoginUIKit.framework/Versions/A/Frameworks/LoginUICore.framework/Versions/A/LoginUICore
0x00000000036c8000 	/usr/lib/libodfde.dylib

VM Arguments:
jvm_args: -Xmx1024m -DDEBUG 
java_command: com.google.gwt.dev.DevMode -gen /Users/hbraun/dev/prj/hal/core/build/app/target/.generated -war /Users/hbraun/dev/prj/hal/core/build/app/war -logLevel INFO -port 8888 -codeServerPort 9997 -startupUrl App.html -nosuperDevMode -sourceLevel 1.8 -bindAddress 127.0.0.1 org.jboss.as.console.composite.WildFly
java_class_path (initial): /Users/hbraun/dev/prj/hal/core/build/app/war/WEB-INF/classes:/Users/hbraun/dev/prj/hal/core/build/app/src/main/java:/Users/hbraun/dev/prj/hal/core/build/app/target/generated-sources/annotations:/Users/hbraun/dev/prj/hal/core/ace/src/main/java:/Users/hbraun/dev/prj/hal/core/dmr/src/main/java:/Users/hbraun/dev/prj/hal/core/flow/core/src/main/java:/Users/hbraun/dev/prj/hal/core/gui/src/main/java:/Users/hbraun/dev/prj/hal/core/gui/target/generated-sources/annotations:/Users/hbraun/dev/prj/hal/core/ballroom/widgets/src/main/java:/Users/hbraun/.m2/repository/org/jboss/as/jboss-as-console-core/2.7.0-SNAPSHOT/jboss-as-console-core-2.7.0-SNAPSHOT.jar:/Users/hbraun/.m2/repository/org/jboss/as/jboss-as-console-dmr/2.7.0-SNAPSHOT/jboss-as-console-dmr-2.7.0-SNAPSHOT.jar:/Users/hbraun/.m2/repository/org/timepedia/exporter/gwtexporter/2.4.0/gwtexporter-2.4.0.jar:/Users/hbraun/.m2/repository/org/jboss/ballroom/widgets/2.3.0-SNAPSHOT/widgets-2.3.0-SNAPSHOT.jar:/Users/hbraun/.m2/repository/com/google/code/gwt-log/gwt-log/3.2.1/gwt-log-3.2.1.jar:/Users/hbraun/.m2/repository/org/jboss/as/jboss-as-console-flow/2.7.0-SNAPSHOT/jboss-as-console-flow-2.7.0-SNAPSHOT.jar:/Users/hbraun/.m2/repository/org/jboss/as/console-spi/2.7.0-SNAPSHOT/console-spi-2.7.0-SNAPSHOT.jar:/Users/hbraun/.m2/repository/org/jboss/as/console-spi/2.7.0-SNAPSHOT/console-spi-2.7.0-SNAPSHOT-sources.jar:/Users/hbraun/.m2/repository/org/jboss/as/diagnostics/2.7.0-SNAPSHOT/diagnostics-2.7.0-SNAPSHOT.jar:/Users/hbraun/.m2/repository/org/jboss/as/diagnostics/2.7.0-SNAPSHOT/diagnostics-2.7.0-SNAPSHOT-sources.jar:/Users/hbraun/.m2/repository/org/jboss/as/ace-gwt/2.7.0-SNAPSHOT/ace-gwt-2.7.0-SNAPSHOT.jar:/Users/hbraun/.m2/repository/org/jboss/as/ace-gwt/2.7.0-SNAPSHOT/ace-gwt-2.7.0-SNAPSHOT-sources.jar:/Users/hbraun/.m2/repository/com/google/gwt/gwt-user/2.8.0.jboss1/gwt-user-2.8.0.jboss1.jar:/Users/hbraun/.m2/repository/com/google/code/gwt-visualization/1.1.1/gwt-visualization-1.1.1.jar:/Users/hbra
Launcher Type: SUN_STANDARD

Environment Variables:
JAVA_HOME=/Library/Java/JavaVirtualMachines/jdk1.8.0_05.jdk/Contents/Home
PATH=/Users/hbraun/.rvm/gems/ruby-1.9.3-p194/bin:/Users/hbraun/.rvm/gems/ruby-1.9.3-p194@global/bin:/Users/hbraun/.rvm/rubies/ruby-1.9.3-p194/bin:/Users/hbraun/.rvm/bin:/Users/hbraun/bin:/opt/local/bin:/opt/local/sbin:/Users/hbraun/dev/env/scala-2.10.4/bin:/usr/local/mysql/bin:/Library/PostgreSQL/9.1/bin:/usr/local/bin:/usr/bin:/bin:/usr/sbin:/sbin:/usr/local/go/bin:/usr/local/MacGPG2/bin:/Library/Java/JavaVirtualMachines/jdk1.8.0_05.jdk/Contents/Home/bin:/Users/hbraun/dev/env/activator-1.2.3:/Users/hbraun/dev/prj/go/bin:/Users/hbraun/dev/env/apache-maven-3.2.3//bin
SHELL=/bin/bash
DISPLAY=/private/tmp/com.apple.launchd.huOkJsTn0X/org.macosforge.xquartz:0

Signal Handlers:
SIGSEGV: [libjvm.dylib+0x55f7df], sa_mask[0]=0xfffefeff, sa_flags=0x00000043
SIGBUS: [libjvm.dylib+0x55f7df], sa_mask[0]=0xfffefeff, sa_flags=0x00000042
SIGFPE: [libjvm.dylib+0x442cfa], sa_mask[0]=0xfffefeff, sa_flags=0x00000042
SIGPIPE: [libjvm.dylib+0x442cfa], sa_mask[0]=0xfffefeff, sa_flags=0x00000042
SIGXFSZ: [libjvm.dylib+0x442cfa], sa_mask[0]=0xfffefeff, sa_flags=0x00000042
SIGILL: [libjvm.dylib+0x442cfa], sa_mask[0]=0xfffefeff, sa_flags=0x00000042
SIGUSR1: SIG_DFL, sa_mask[0]=0x63807efb, sa_flags=0x00000000
SIGUSR2: [libjvm.dylib+0x442818], sa_mask[0]=0x00000004, sa_flags=0x00000042
SIGHUP: [libjvm.dylib+0x440ba5], sa_mask[0]=0xfffefeff, sa_flags=0x00000042
SIGINT: [libjvm.dylib+0x440ba5], sa_mask[0]=0xfffefeff, sa_flags=0x00000042
SIGTERM: [libjvm.dylib+0x440ba5], sa_mask[0]=0xfffefeff, sa_flags=0x00000042
SIGQUIT: [libjvm.dylib+0x440ba5], sa_mask[0]=0xfffefeff, sa_flags=0x00000042


---------------  S Y S T E M  ---------------

OS:Bsduname:Darwin 14.1.0 Darwin Kernel Version 14.1.0: Thu Feb 26 19:26:47 PST 2015; root:xnu-2782.10.73~1/RELEASE_X86_64 x86_64
rlimit: STACK 8192k, CORE 0k, NPROC 709, NOFILE 10240, AS infinity
load average:5.98 3.71 2.99

CPU:total 8 (4 cores per cpu, 2 threads per core) family 6 model 58 stepping 9, cmov, cx8, fxsr, mmx, sse, sse2, sse3, ssse3, sse4.1, sse4.2, popcnt, avx, aes, clmul, erms, ht, tsc, tscinvbit

Memory: 4k page, physical 16777216k(779756k free)

/proc/meminfo:


vm_info: Java HotSpot(TM) 64-Bit Server VM (25.5-b02) for bsd-amd64 JRE (1.8.0_05-b13), built on Mar 18 2014 00:36:13 by "java_re" with gcc 4.2.1 (Based on Apple Inc. build 5658) (LLVM build 2336.11.00)

time: Tue May 19 15:09:13 2015
elapsed time: 0 seconds

